# JRE version: Java(TM) SE Runtime Environment (8.0_40-b25) (build 1.8.0_40-b25)
# Java VM: Java HotSpot(TM) 64-Bit Server VM (25.40-b25 mixed mode linux-amd64 compressed oops)
Heap:
 PSYoungGen      total 5359616K, used 94204K [0x00007f1f7a580000, 0x00007f20dff80000, 0x00007f2215000000)
  eden space 5265408K, 0% used [0x00007f1f7a580000,0x00007f1f7a580000,0x00007f20bbb80000)
  from space 94208K, 99% used [0x00007f20da380000,0x00007f20dff7f018,0x00007f20dff80000)
  to   space 17920K, 0% used [0x00007f20bbb80000,0x00007f20bbb80000,0x00007f20bcd00000)
 ParOldGen       total 2156032K, used 2155929K [0x00007f1a45000000, 0x00007f1ac8980000, 0x00007f1f7a580000)
  object space 2156032K, 99% used [0x00007f1a45000000,0x00007f1ac8966498,0x00007f1ac8980000)
 Metaspace       used 6633K, capacity 6862K, committed 7040K, reserved 1056768K
  class space    used 563K, capacity 631K, committed 640K, reserved 1048576K
GC Heap History (10 events):
Event: 265.788 GC heap after
Heap after GC invocations=287 (full 170):
 PSYoungGen      total 5281280K, used 10941K [0x00007f1f7a580000, 0x00007f20be000000, 0x00007f2215000000)
  eden space 5263872K, 0% used [0x00007f1f7a580000,0x00007f1f7a580000,0x00007f20bba00000)
  from space 17408K, 62% used [0x00007f20bba00000,0x00007f20bc4af6b0,0x00007f20bcb00000)
  to   space 19456K, 0% used [0x00007f20bcd00000,0x00007f20bcd00000,0x00007f20be000000)
 ParOldGen       total 1360384K, used 1229933K [0x00007f1a45000000, 0x00007f1a98080000, 0x00007f1f7a580000)
  object space 1360384K, 90% used [0x00007f1a45000000,0x00007f1a9011b600,0x00007f1a98080000)
 Metaspace       used 6627K, capacity 6862K, committed 7040K, reserved 1056768K
  class space    used 563K, capacity 631K, committed 640K, reserved 1048576K
}
Event: 265.788 GC heap before
{Heap before GC invocations=288 (full 171):
 PSYoungGen      total 5281280K, used 10941K [0x00007f1f7a580000, 0x00007f20be000000, 0x00007f2215000000)
  eden space 5263872K, 0% used [0x00007f1f7a580000,0x00007f1f7a580000,0x00007f20bba00000)
  from space 17408K, 62% used [0x00007f20bba00000,0x00007f20bc4af6b0,0x00007f20bcb00000)
  to   space 19456K, 0% used [0x00007f20bcd00000,0x00007f20bcd00000,0x00007f20be000000)
 ParOldGen       total 1360384K, used 1229933K [0x00007f1a45000000, 0x00007f1a98080000, 0x00007f1f7a580000)
  object space 1360384K, 90% used [0x00007f1a45000000,0x00007f1a9011b600,0x00007f1a98080000)
 Metaspace       used 6627K, capacity 6862K, committed 7040K, reserved 1056768K
  class space    used 563K, capacity 631K, committed 640K, reserved 1048576K
Event: 267.033 GC heap after
Heap after GC invocations=288 (full 171):
 PSYoungGen      total 5281280K, used 0K [0x00007f1f7a580000, 0x00007f20be000000, 0x00007f2215000000)
  eden space 5263872K, 0% used [0x00007f1f7a580000,0x00007f1f7a580000,0x00007f20bba00000)
  from space 17408K, 0% used [0x00007f20bba00000,0x00007f20bba00000,0x00007f20bcb00000)
  to   space 19456K, 0% used [0x00007f20bcd00000,0x00007f20bcd00000,0x00007f20be000000)
 ParOldGen       total 1360384K, used 1231035K [0x00007f1a45000000, 0x00007f1a98080000, 0x00007f1f7a580000)
  object space 1360384K, 90% used [0x00007f1a45000000,0x00007f1a9022eee8,0x00007f1a98080000)
 Metaspace       used 6627K, capacity 6862K, committed 7040K, reserved 1056768K
  class space    used 563K, capacity 631K, committed 640K, reserved 1048576K
}
Event: 302.363 GC heap before
{Heap before GC invocations=289 (full 172):
 PSYoungGen      total 5281280K, used 5263872K [0x00007f1f7a580000, 0x00007f20be000000, 0x00007f2215000000)
  eden space 5263872K, 100% used [0x00007f1f7a580000,0x00007f20bba00000,0x00007f20bba00000)
  from space 17408K, 0% used [0x00007f20bba00000,0x00007f20bba00000,0x00007f20bcb00000)
  to   space 19456K, 0% used [0x00007f20bcd00000,0x00007f20bcd00000,0x00007f20be000000)
 ParOldGen       total 1360384K, used 1231035K [0x00007f1a45000000, 0x00007f1a98080000, 0x00007f1f7a580000)
  object space 1360384K, 90% used [0x00007f1a45000000,0x00007f1a9022eee8,0x00007f1a98080000)
 Metaspace       used 6627K, capacity 6862K, committed 7040K, reserved 1056768K
  class space    used 563K, capacity 631K, committed 640K, reserved 1048576K
Event: 309.286 GC heap after
Heap after GC invocations=289 (full 172):
 PSYoungGen      total 5281280K, used 0K [0x00007f1f7a580000, 0x00007f20be000000, 0x00007f2215000000)
  eden space 5263872K, 0% used [0x00007f1f7a580000,0x00007f1f7a580000,0x00007f20bba00000)
  from space 17408K, 0% used [0x00007f20bba00000,0x00007f20bba00000,0x00007f20bcb00000)
  to   space 19456K, 0% used [0x00007f20bcd00000,0x00007f20bcd00000,0x00007f20be000000)
 ParOldGen       total 1743360K, used 1228144K [0x00007f1a45000000, 0x00007f1aaf680000, 0x00007f1f7a580000)
  object space 1743360K, 70% used [0x00007f1a45000000,0x00007f1a8ff5c208,0x00007f1aaf680000)
 Metaspace       used 6627K, capacity 6862K, committed 7040K, reserved 1056768K
  class space    used 563K, capacity 631K, committed 640K, reserved 1048576K
}
Event: 334.139 GC heap before
{Heap before GC invocations=290 (full 172):
 PSYoungGen      total 5281280K, used 5263872K [0x00007f1f7a580000, 0x00007f20be000000, 0x00007f2215000000)
  eden space 5263872K, 100% used [0x00007f1f7a580000,0x00007f20bba00000,0x00007f20bba00000)
  from space 17408K, 0% used [0x00007f20bba00000,0x00007f20bba00000,0x00007f20bcb00000)
  to   space 19456K, 0% used [0x00007f20bcd00000,0x00007f20bcd00000,0x00007f20be000000)
 ParOldGen       total 1743360K, used 1228144K [0x00007f1a45000000, 0x00007f1aaf680000, 0x00007f1f7a580000)
  object space 1743360K, 70% used [0x00007f1a45000000,0x00007f1a8ff5c208,0x00007f1aaf680000)
 Metaspace       used 6627K, capacity 6862K, committed 7040K, reserved 1056768K
  class space    used 563K, capacity 631K, committed 640K, reserved 1048576K
Event: 334.911 GC heap after
Heap after GC invocations=290 (full 172):
 PSYoungGen      total 5284864K, used 192K [0x00007f1f7a580000, 0x00007f20d5f80000, 0x00007f2215000000)
  eden space 5265408K, 0% used [0x00007f1f7a580000,0x00007f1f7a580000,0x00007f20bbb80000)
  from space 19456K, 0% used [0x00007f20bcd00000,0x00007f20bcd30000,0x00007f20be000000)
  to   space 17920K, 0% used [0x00007f20bbb80000,0x00007f20bbb80000,0x00007f20bcd00000)
 ParOldGen       total 1743360K, used 1228144K [0x00007f1a45000000, 0x00007f1aaf680000, 0x00007f1f7a580000)
  object space 1743360K, 70% used [0x00007f1a45000000,0x00007f1a8ff5c208,0x00007f1aaf680000)
 Metaspace       used 6627K, capacity 6862K, committed 7040K, reserved 1056768K
  class space    used 563K, capacity 631K, committed 640K, reserved 1048576K
}
Event: 351.746 GC heap before
{Heap before GC invocations=291 (full 172):
 PSYoungGen      total 5284864K, used 5265600K [0x00007f1f7a580000, 0x00007f20d5f80000, 0x00007f2215000000)
  eden space 5265408K, 100% used [0x00007f1f7a580000,0x00007f20bbb80000,0x00007f20bbb80000)
  from space 19456K, 0% used [0x00007f20bcd00000,0x00007f20bcd30000,0x00007f20be000000)
  to   space 17920K, 0% used [0x00007f20bbb80000,0x00007f20bbb80000,0x00007f20bcd00000)
 ParOldGen       total 1743360K, used 1228144K [0x00007f1a45000000, 0x00007f1aaf680000, 0x00007f1f7a580000)
  object space 1743360K, 70% used [0x00007f1a45000000,0x00007f1a8ff5c208,0x00007f1aaf680000)
 Metaspace       used 6627K, capacity 6862K, committed 7040K, reserved 1056768K
  class space    used 563K, capacity 631K, committed 640K, reserved 1048576K
Event: 352.740 GC heap after
Heap after GC invocations=291 (full 172):
 PSYoungGen      total 5283328K, used 17888K [0x00007f1f7a580000, 0x00007f20dff80000, 0x00007f2215000000)
  eden space 5265408K, 0% used [0x00007f1f7a580000,0x00007f1f7a580000,0x00007f20bbb80000)
  from space 17920K, 99% used [0x00007f20bbb80000,0x00007f20bccf8010,0x00007f20bcd00000)
  to   space 94208K, 0% used [0x00007f20da380000,0x00007f20da380000,0x00007f20dff80000)
 ParOldGen       total 1743360K, used 1423238K [0x00007f1a45000000, 0x00007f1aaf680000, 0x00007f1f7a580000)
  object space 1743360K, 81% used [0x00007f1a45000000,0x00007f1a9bde1b00,0x00007f1aaf680000)
 Metaspace       used 6627K, capacity 6862K, committed 7040K, reserved 1056768K
  class space    used 563K, capacity 631K, committed 640K, reserved 1048576K
}
Event: 371.009 GC heap before
{Heap before GC invocations=292 (full 172):
 PSYoungGen      total 5283328K, used 5217052K [0x00007f1f7a580000, 0x00007f20dff80000, 0x00007f2215000000)
  eden space 5265408K, 98% used [0x00007f1f7a580000,0x00007f20b7acf320,0x00007f20bbb80000)
  from space 17920K, 99% used [0x00007f20bbb80000,0x00007f20bccf8010,0x00007f20bcd00000)
  to   space 94208K, 0% used [0x00007f20da380000,0x00007f20da380000,0x00007f20dff80000)
 ParOldGen       total 1743360K, used 1423238K [0x00007f1a45000000, 0x00007f1aaf680000, 0x00007f1f7a580000)
  object space 1743360K, 81% used [0x00007f1a45000000,0x00007f1a9bde1b00,0x00007f1aaf680000)
 Metaspace       used 6633K, capacity 6862K, committed 7040K, reserved 1056768K
  class space    used 563K, capacity 631K, committed 640K, reserved 1048576K

